Arguments: 
  /Users/dextershepherd/.nvm/versions/node/v12.14.1/bin/node /Users/dextershepherd/.nvm/versions/node/v12.14.1/bin/yarn add tonejs

PATH: 
  /Users/dextershepherd/.nvm/versions/node/v12.14.1/bin:/usr/local/bin:/usr/bin:/bin:/usr/sbin:/sbin

Yarn version: 
  1.21.1

Node version: 
  12.14.1

Platform: 
  darwin x64

Trace: 
  Error: https://registry.yarnpkg.com/tonejs: Not found
      at Request.params.callback [as _callback] (/Users/dextershepherd/.nvm/versions/node/v12.14.1/lib/node_modules/yarn/lib/cli.js:66947:18)
      at Request.self.callback (/Users/dextershepherd/.nvm/versions/node/v12.14.1/lib/node_modules/yarn/lib/cli.js:140665:22)
      at Request.emit (events.js:223:5)
      at Request.<anonymous> (/Users/dextershepherd/.nvm/versions/node/v12.14.1/lib/node_modules/yarn/lib/cli.js:141637:10)
      at Request.emit (events.js:223:5)
      at IncomingMessage.<anonymous> (/Users/dextershepherd/.nvm/versions/node/v12.14.1/lib/node_modules/yarn/lib/cli.js:141559:12)
      at Object.onceWrapper (events.js:312:28)
      at IncomingMessage.emit (events.js:228:7)
      at endReadableNT (_stream_readable.js:1185:12)
      at processTicksAndRejections (internal/process/task_queues.js:81:21)

npm manifest: 
  No manifest

yarn manifest: 
  No manifest

Lockfile: 
  No lockfile
